2015-01-13T18:35:59.566+0100 [initandlisten] MongoDB starting : pid=1671 port=27017 dbpath=data/db/ 64-bit host=pc9.home
2015-01-13T18:35:59.566+0100 [initandlisten] db version v2.6.6
2015-01-13T18:35:59.566+0100 [initandlisten] git version: nogitversion
2015-01-13T18:35:59.566+0100 [initandlisten] build info: Darwin miniyosemite.local 14.0.0 Darwin Kernel Version 14.0.0: Fri Sep 19 00:26:44 PDT 2014; root:xnu-2782.1.97~2/RELEASE_X86_64 x86_64 BOOST_LIB_VERSION=1_49
2015-01-13T18:35:59.566+0100 [initandlisten] allocator: tcmalloc
2015-01-13T18:35:59.566+0100 [initandlisten] options: { storage: { dbPath: "data/db/" }, systemLog: { destination: "file", logAppend: true, path: "data/logs/mongodb.log" } }
2015-01-13T18:35:59.567+0100 [initandlisten] journal dir=data/db/journal
2015-01-13T18:35:59.567+0100 [initandlisten] recover : no journal files present, no recovery needed
2015-01-13T18:35:59.588+0100 [initandlisten] allocating new ns file data/db/local.ns, filling with zeroes...
2015-01-13T18:35:59.658+0100 [FileAllocator] allocating new datafile data/db/local.0, filling with zeroes...
2015-01-13T18:35:59.658+0100 [FileAllocator] creating directory data/db/_tmp
2015-01-13T18:35:59.845+0100 [FileAllocator] done allocating datafile data/db/local.0, size: 64MB,  took 0.187 secs
2015-01-13T18:35:59.889+0100 [initandlisten] build index on: local.startup_log properties: { v: 1, key: { _id: 1 }, name: "_id_", ns: "local.startup_log" }
2015-01-13T18:35:59.891+0100 [initandlisten] 	 added index to empty collection
2015-01-13T18:35:59.891+0100 [initandlisten] command local.$cmd command: create { create: "startup_log", size: 10485760, capped: true } ntoreturn:1 keyUpdates:0 numYields:0  reslen:37 303ms
2015-01-13T18:35:59.892+0100 [initandlisten] waiting for connections on port 27017
2015-01-13T18:36:43.336+0100 [initandlisten] connection accepted from 127.0.0.1:50774 #1 (1 connection now open)
2015-01-13T18:36:43.337+0100 [initandlisten] connection accepted from 127.0.0.1:50775 #2 (2 connections now open)
2015-01-13T18:36:43.338+0100 [initandlisten] connection accepted from 127.0.0.1:50776 #3 (3 connections now open)
2015-01-13T18:36:43.338+0100 [initandlisten] connection accepted from 127.0.0.1:50777 #4 (4 connections now open)
2015-01-13T18:36:43.339+0100 [initandlisten] connection accepted from 127.0.0.1:50778 #5 (5 connections now open)
2015-01-13T18:36:43.441+0100 [conn4] allocating new ns file data/db/jourdumarche-dev.ns, filling with zeroes...
2015-01-13T18:36:43.495+0100 [FileAllocator] allocating new datafile data/db/jourdumarche-dev.0, filling with zeroes...
2015-01-13T18:36:43.693+0100 [FileAllocator] done allocating datafile data/db/jourdumarche-dev.0, size: 64MB,  took 0.197 secs
2015-01-13T18:36:43.727+0100 [conn4] build index on: jourdumarche-dev.things properties: { v: 1, key: { _id: 1 }, name: "_id_", ns: "jourdumarche-dev.things" }
2015-01-13T18:36:43.728+0100 [conn4] 	 added index to empty collection
2015-01-13T18:36:43.728+0100 [conn4] insert jourdumarche-dev.things query: { name: "Development Tools", info: "Integration with popular tools such as Bower, Grunt, Karma, Mocha, JSHint, Node Inspector, Livereload, Protractor, Jade, Stylus, Sass, CoffeeScript, and Less.", _id: ObjectId('54b557ab2a150c8d0646892b'), __v: 0 } ninserted:1 keyUpdates:0 numYields:0 locks(micros) w:287033 287ms
2015-01-13T18:36:43.728+0100 [conn4] command jourdumarche-dev.$cmd command: insert { insert: "things", writeConcern: { w: 1 }, ordered: true, documents: [ { name: "Development Tools", info: "Integration with popular tools such as Bower, Grunt, Karma, Mocha, JSHint, Node Inspector, Livereload, Protractor, Jade, Stylus, Sass, CoffeeScript, and Less.", _id: ObjectId('54b557ab2a150c8d0646892b'), __v: 0 } ] } keyUpdates:0 numYields:0 locks(micros) w:66 reslen:40 287ms
2015-01-13T18:36:43.728+0100 [conn1] insert jourdumarche-dev.things query: { name: "Server and Client integration", info: "Built with a powerful and fun stack: MongoDB, Express, AngularJS, and Node.", _id: ObjectId('54b557ab2a150c8d0646892c'), __v: 0 } ninserted:1 keyUpdates:0 numYields:0 locks(micros) w:80 286ms
2015-01-13T18:36:43.729+0100 [conn1] command jourdumarche-dev.$cmd command: insert { insert: "things", writeConcern: { w: 1 }, ordered: true, documents: [ { name: "Server and Client integration", info: "Built with a powerful and fun stack: MongoDB, Express, AngularJS, and Node.", _id: ObjectId('54b557ab2a150c8d0646892c'), __v: 0 } ] } keyUpdates:0 numYields:0 locks(micros) w:104 reslen:40 286ms
2015-01-13T18:36:43.729+0100 [conn3] insert jourdumarche-dev.things query: { name: "Smart Build System", info: "Build system ignores `spec` files, allowing you to keep tests alongside code. Automatic injection of scripts and styles into your index.html", _id: ObjectId('54b557ab2a150c8d0646892d'), __v: 0 } ninserted:1 keyUpdates:0 numYields:0 locks(micros) w:48 286ms
2015-01-13T18:36:43.729+0100 [conn3] command jourdumarche-dev.$cmd command: insert { insert: "things", writeConcern: { w: 1 }, ordered: true, documents: [ { name: "Smart Build System", info: "Build system ignores `spec` files, allowing you to keep tests alongside code. Automatic injection of scripts and styles into your index.html", _id: ObjectId('54b557ab2a150c8d0646892d'), __v: 0 } ] } keyUpdates:0 numYields:0 locks(micros) w:79 reslen:40 286ms
2015-01-13T18:36:43.729+0100 [conn5] insert jourdumarche-dev.things query: { name: "Modular Structure", info: "Best practice client and server structures allow for more code reusability and maximum scalability", _id: ObjectId('54b557ab2a150c8d0646892e'), __v: 0 } ninserted:1 keyUpdates:0 numYields:0 locks(micros) w:48 286ms
2015-01-13T18:36:43.729+0100 [conn5] command jourdumarche-dev.$cmd command: insert { insert: "things", writeConcern: { w: 1 }, ordered: true, documents: [ { name: "Modular Structure", info: "Best practice client and server structures allow for more code reusability and maximum scalability", _id: ObjectId('54b557ab2a150c8d0646892e'), __v: 0 } ] } keyUpdates:0 numYields:0 locks(micros) w:53 reslen:40 286ms
2015-01-13T18:36:43.729+0100 [conn2] insert jourdumarche-dev.things query: { name: "Optimized Build", info: "Build process packs up your templates as a single JavaScript payload, minifies your scripts/css/images, and rewrites asset names for caching.", _id: ObjectId('54b557ab2a150c8d0646892f'), __v: 0 } ninserted:1 keyUpdates:0 numYields:0 locks(micros) w:41 285ms
2015-01-13T18:36:43.729+0100 [conn2] command jourdumarche-dev.$cmd command: insert { insert: "things", writeConcern: { w: 1 }, ordered: true, documents: [ { name: "Optimized Build", info: "Build process packs up your templates as a single JavaScript payload, minifies your scripts/css/images, and rewrites asset names for caching.", _id: ObjectId('54b557ab2a150c8d0646892f'), __v: 0 } ] } keyUpdates:0 numYields:0 locks(micros) w:64 reslen:40 286ms
2015-01-13T18:36:43.732+0100 [conn1] build index on: jourdumarche-dev.users properties: { v: 1, key: { _id: 1 }, name: "_id_", ns: "jourdumarche-dev.users" }
2015-01-13T18:36:43.733+0100 [conn1] 	 added index to empty collection
2015-01-13T18:36:44.896+0100 [initandlisten] connection accepted from 127.0.0.1:50781 #6 (6 connections now open)
2015-01-13T18:36:44.897+0100 [initandlisten] connection accepted from 127.0.0.1:50782 #7 (7 connections now open)
2015-01-13T18:36:44.898+0100 [initandlisten] connection accepted from 127.0.0.1:50783 #8 (8 connections now open)
2015-01-13T18:36:44.898+0100 [initandlisten] connection accepted from 127.0.0.1:50784 #9 (9 connections now open)
2015-01-13T18:36:44.899+0100 [initandlisten] connection accepted from 127.0.0.1:50785 #10 (10 connections now open)
2015-01-13T18:36:44.912+0100 [conn9] build index on: jourdumarche-dev.sessions properties: { v: 1, key: { _id: 1 }, name: "_id_", ns: "jourdumarche-dev.sessions" }
2015-01-13T18:36:44.913+0100 [conn9] 	 added index to empty collection
2015-01-13T18:36:44.913+0100 [conn9] build index on: jourdumarche-dev.sessions properties: { v: 1, key: { expires: 1 }, name: "expires_1", ns: "jourdumarche-dev.sessions", expireAfterSeconds: 0 }
2015-01-13T18:36:44.914+0100 [conn9] 	 added index to empty collection
2015-01-13T18:36:59.741+0100 [clientcursormon] mem (MB) res:35 virt:2802
2015-01-13T18:36:59.741+0100 [clientcursormon]  mapped (incl journal view):320
2015-01-13T18:36:59.741+0100 [clientcursormon]  connections:10
2015-01-13T18:41:59.987+0100 [clientcursormon] mem (MB) res:35 virt:2802
2015-01-13T18:41:59.987+0100 [clientcursormon]  mapped (incl journal view):320
2015-01-13T18:41:59.987+0100 [clientcursormon]  connections:10
2015-01-13T18:47:00.198+0100 [clientcursormon] mem (MB) res:35 virt:2802
2015-01-13T18:47:00.198+0100 [clientcursormon]  mapped (incl journal view):320
2015-01-13T18:47:00.198+0100 [clientcursormon]  connections:10
2015-01-13T18:52:00.389+0100 [clientcursormon] mem (MB) res:35 virt:2802
2015-01-13T18:52:00.389+0100 [clientcursormon]  mapped (incl journal view):320
2015-01-13T18:52:00.389+0100 [clientcursormon]  connections:10
2015-01-13T18:57:00.591+0100 [clientcursormon] mem (MB) res:35 virt:2802
2015-01-13T18:57:00.591+0100 [clientcursormon]  mapped (incl journal view):320
2015-01-13T18:57:00.591+0100 [clientcursormon]  connections:10
2015-01-13T19:02:00.836+0100 [clientcursormon] mem (MB) res:35 virt:2802
2015-01-13T19:02:00.836+0100 [clientcursormon]  mapped (incl journal view):320
2015-01-13T19:02:00.836+0100 [clientcursormon]  connections:10
2015-01-13T19:07:01.103+0100 [clientcursormon] mem (MB) res:35 virt:2802
2015-01-13T19:07:01.103+0100 [clientcursormon]  mapped (incl journal view):320
2015-01-13T19:07:01.103+0100 [clientcursormon]  connections:10
2015-01-13T19:12:01.368+0100 [clientcursormon] mem (MB) res:35 virt:2802
2015-01-13T19:12:01.368+0100 [clientcursormon]  mapped (incl journal view):320
2015-01-13T19:12:01.368+0100 [clientcursormon]  connections:10
2015-01-13T19:17:01.598+0100 [clientcursormon] mem (MB) res:35 virt:2802
2015-01-13T19:17:01.598+0100 [clientcursormon]  mapped (incl journal view):320
2015-01-13T19:17:01.598+0100 [clientcursormon]  connections:10
2015-01-13T19:22:01.891+0100 [clientcursormon] mem (MB) res:35 virt:2802
2015-01-13T19:22:01.891+0100 [clientcursormon]  mapped (incl journal view):320
2015-01-13T19:22:01.891+0100 [clientcursormon]  connections:10
2015-01-13T19:27:02.211+0100 [clientcursormon] mem (MB) res:35 virt:2802
2015-01-13T19:27:02.211+0100 [clientcursormon]  mapped (incl journal view):320
2015-01-13T19:27:02.211+0100 [clientcursormon]  connections:10
2015-01-13T19:32:02.520+0100 [clientcursormon] mem (MB) res:35 virt:2802
2015-01-13T19:32:02.520+0100 [clientcursormon]  mapped (incl journal view):320
2015-01-13T19:32:02.520+0100 [clientcursormon]  connections:10
2015-01-13T19:37:02.832+0100 [clientcursormon] mem (MB) res:35 virt:2802
2015-01-13T19:37:02.832+0100 [clientcursormon]  mapped (incl journal view):320
2015-01-13T19:37:02.832+0100 [clientcursormon]  connections:10
2015-01-13T19:42:03.119+0100 [clientcursormon] mem (MB) res:35 virt:2802
2015-01-13T19:42:03.119+0100 [clientcursormon]  mapped (incl journal view):320
2015-01-13T19:42:03.119+0100 [clientcursormon]  connections:10
2015-01-13T19:47:03.429+0100 [clientcursormon] mem (MB) res:35 virt:2802
2015-01-13T19:47:03.429+0100 [clientcursormon]  mapped (incl journal view):320
2015-01-13T19:47:03.429+0100 [clientcursormon]  connections:10
2015-01-13T19:52:03.733+0100 [clientcursormon] mem (MB) res:35 virt:2802
2015-01-13T19:52:03.734+0100 [clientcursormon]  mapped (incl journal view):320
2015-01-13T19:52:03.734+0100 [clientcursormon]  connections:10
2015-01-13T19:57:04.140+0100 [clientcursormon] mem (MB) res:35 virt:2802
2015-01-13T19:57:04.140+0100 [clientcursormon]  mapped (incl journal view):320
2015-01-13T19:57:04.140+0100 [clientcursormon]  connections:10
2015-01-13T20:24:58.186+0100 [clientcursormon] mem (MB) res:35 virt:2802
2015-01-13T20:24:58.186+0100 [clientcursormon]  mapped (incl journal view):320
2015-01-13T20:24:58.186+0100 [clientcursormon]  connections:10
2015-01-13T20:29:59.153+0100 [clientcursormon] mem (MB) res:35 virt:2802
2015-01-13T20:29:59.153+0100 [clientcursormon]  mapped (incl journal view):320
2015-01-13T20:29:59.154+0100 [clientcursormon]  connections:10
2015-01-13T20:34:45.441+0100 [signalProcessingThread] got signal 2 (Interrupt: 2), will terminate after current cmd ends
2015-01-13T20:34:45.441+0100 [signalProcessingThread] now exiting
2015-01-13T20:34:45.441+0100 [signalProcessingThread] dbexit: 
2015-01-13T20:34:45.441+0100 [signalProcessingThread] shutdown: going to close listening sockets...
2015-01-13T20:34:45.441+0100 [signalProcessingThread] closing listening socket: 8
2015-01-13T20:34:45.441+0100 [signalProcessingThread] closing listening socket: 9
2015-01-13T20:34:45.441+0100 [signalProcessingThread] removing socket file: /tmp/mongodb-27017.sock
2015-01-13T20:34:45.441+0100 [signalProcessingThread] shutdown: going to flush diaglog...
2015-01-13T20:34:45.441+0100 [signalProcessingThread] shutdown: going to close sockets...
2015-01-13T20:34:45.441+0100 [signalProcessingThread] shutdown: waiting for fs preallocator...
2015-01-13T20:34:45.441+0100 [signalProcessingThread] shutdown: lock for final commit...
2015-01-13T20:34:45.441+0100 [signalProcessingThread] shutdown: final commit...
2015-01-13T20:34:45.446+0100 [signalProcessingThread] shutdown: closing all files...
2015-01-13T20:34:45.446+0100 [signalProcessingThread] closeAllFiles() finished
2015-01-13T20:34:45.446+0100 [signalProcessingThread] journalCleanup...
2015-01-13T20:34:45.446+0100 [signalProcessingThread] removeJournalFiles
2015-01-13T20:34:45.447+0100 [signalProcessingThread] shutdown: removing fs lock...
2015-01-13T20:34:45.447+0100 [signalProcessingThread] dbexit: really exiting now
2015-01-13T22:24:23.999+0100 ***** SERVER RESTARTED *****
2015-01-13T22:24:24.011+0100 [initandlisten] MongoDB starting : pid=1736 port=27017 dbpath=data/db/ 64-bit host=pc9.home
2015-01-13T22:24:24.011+0100 [initandlisten] db version v2.6.6
2015-01-13T22:24:24.011+0100 [initandlisten] git version: nogitversion
2015-01-13T22:24:24.011+0100 [initandlisten] build info: Darwin miniyosemite.local 14.0.0 Darwin Kernel Version 14.0.0: Fri Sep 19 00:26:44 PDT 2014; root:xnu-2782.1.97~2/RELEASE_X86_64 x86_64 BOOST_LIB_VERSION=1_49
2015-01-13T22:24:24.011+0100 [initandlisten] allocator: tcmalloc
2015-01-13T22:24:24.011+0100 [initandlisten] options: { storage: { dbPath: "data/db/" }, systemLog: { destination: "file", logAppend: true, path: "data/logs/mongodb.log" } }
2015-01-13T22:24:24.020+0100 [initandlisten] journal dir=data/db/journal
2015-01-13T22:24:24.021+0100 [initandlisten] recover : no journal files present, no recovery needed
2015-01-13T22:24:24.051+0100 [initandlisten] waiting for connections on port 27017
2015-01-13T22:24:32.966+0100 [initandlisten] connection accepted from 127.0.0.1:52223 #1 (1 connection now open)
2015-01-13T22:24:32.967+0100 [initandlisten] connection accepted from 127.0.0.1:52224 #2 (2 connections now open)
2015-01-13T22:24:32.968+0100 [initandlisten] connection accepted from 127.0.0.1:52225 #3 (3 connections now open)
2015-01-13T22:24:32.968+0100 [initandlisten] connection accepted from 127.0.0.1:52226 #4 (4 connections now open)
2015-01-13T22:24:32.969+0100 [initandlisten] connection accepted from 127.0.0.1:52227 #5 (5 connections now open)
2015-01-13T22:24:34.531+0100 [initandlisten] connection accepted from 127.0.0.1:52229 #6 (6 connections now open)
2015-01-13T22:24:34.532+0100 [initandlisten] connection accepted from 127.0.0.1:52230 #7 (7 connections now open)
2015-01-13T22:24:34.533+0100 [initandlisten] connection accepted from 127.0.0.1:52231 #8 (8 connections now open)
2015-01-13T22:24:34.534+0100 [initandlisten] connection accepted from 127.0.0.1:52232 #9 (9 connections now open)
2015-01-13T22:24:34.534+0100 [initandlisten] connection accepted from 127.0.0.1:52233 #10 (10 connections now open)
2015-01-13T22:25:24.092+0100 [clientcursormon] mem (MB) res:34 virt:2812
2015-01-13T22:25:24.092+0100 [clientcursormon]  mapped (incl journal view):320
2015-01-13T22:25:24.092+0100 [clientcursormon]  connections:10
2015-01-13T22:30:24.339+0100 [clientcursormon] mem (MB) res:34 virt:2812
2015-01-13T22:30:24.339+0100 [clientcursormon]  mapped (incl journal view):320
2015-01-13T22:30:24.339+0100 [clientcursormon]  connections:10
2015-01-13T22:35:24.590+0100 [clientcursormon] mem (MB) res:34 virt:2812
2015-01-13T22:35:24.590+0100 [clientcursormon]  mapped (incl journal view):320
2015-01-13T22:35:24.590+0100 [clientcursormon]  connections:10
2015-01-13T22:40:24.849+0100 [clientcursormon] mem (MB) res:34 virt:2812
2015-01-13T22:40:24.849+0100 [clientcursormon]  mapped (incl journal view):320
2015-01-13T22:40:24.849+0100 [clientcursormon]  connections:10
2015-01-13T22:45:25.064+0100 [clientcursormon] mem (MB) res:34 virt:2812
2015-01-13T22:45:25.064+0100 [clientcursormon]  mapped (incl journal view):320
2015-01-13T22:45:25.064+0100 [clientcursormon]  connections:10
2015-01-13T22:50:25.306+0100 [clientcursormon] mem (MB) res:34 virt:2812
2015-01-13T22:50:25.306+0100 [clientcursormon]  mapped (incl journal view):320
2015-01-13T22:50:25.306+0100 [clientcursormon]  connections:10
2015-01-13T22:55:25.531+0100 [clientcursormon] mem (MB) res:34 virt:2812
2015-01-13T22:55:25.532+0100 [clientcursormon]  mapped (incl journal view):320
2015-01-13T22:55:25.532+0100 [clientcursormon]  connections:10
2015-01-13T23:00:25.868+0100 [clientcursormon] mem (MB) res:34 virt:2812
2015-01-13T23:00:25.868+0100 [clientcursormon]  mapped (incl journal view):320
2015-01-13T23:00:25.868+0100 [clientcursormon]  connections:10
2015-01-13T23:51:53.651+0100 [clientcursormon] mem (MB) res:34 virt:2812
2015-01-13T23:51:53.651+0100 [clientcursormon]  mapped (incl journal view):320
2015-01-13T23:51:53.651+0100 [clientcursormon]  connections:10
2015-01-13T23:56:38.642+0100 [conn5] end connection 127.0.0.1:52227 (9 connections now open)
2015-01-13T23:56:38.642+0100 [conn9] end connection 127.0.0.1:52232 (9 connections now open)
2015-01-13T23:56:38.642+0100 [conn4] end connection 127.0.0.1:52226 (9 connections now open)
2015-01-13T23:56:38.642+0100 [conn6] end connection 127.0.0.1:52229 (9 connections now open)
2015-01-13T23:56:38.643+0100 [conn3] end connection 127.0.0.1:52225 (9 connections now open)
2015-01-13T23:56:38.643+0100 [conn2] end connection 127.0.0.1:52224 (9 connections now open)
2015-01-13T23:56:38.643+0100 [conn10] end connection 127.0.0.1:52233 (9 connections now open)
2015-01-13T23:56:38.643+0100 [conn1] end connection 127.0.0.1:52223 (9 connections now open)
2015-01-13T23:56:38.643+0100 [conn8] end connection 127.0.0.1:52231 (9 connections now open)
2015-01-13T23:56:38.643+0100 [conn7] end connection 127.0.0.1:52230 (9 connections now open)
2015-01-13T23:56:41.785+0100 [signalProcessingThread] got signal 2 (Interrupt: 2), will terminate after current cmd ends
2015-01-13T23:56:41.785+0100 [signalProcessingThread] now exiting
2015-01-13T23:56:41.785+0100 [signalProcessingThread] dbexit: 
2015-01-13T23:56:41.785+0100 [signalProcessingThread] shutdown: going to close listening sockets...
2015-01-13T23:56:41.785+0100 [signalProcessingThread] closing listening socket: 8
2015-01-13T23:56:41.785+0100 [signalProcessingThread] closing listening socket: 9
2015-01-13T23:56:41.785+0100 [signalProcessingThread] removing socket file: /tmp/mongodb-27017.sock
2015-01-13T23:56:41.786+0100 [signalProcessingThread] shutdown: going to flush diaglog...
2015-01-13T23:56:41.786+0100 [signalProcessingThread] shutdown: going to close sockets...
2015-01-13T23:56:41.786+0100 [signalProcessingThread] shutdown: waiting for fs preallocator...
2015-01-13T23:56:41.786+0100 [signalProcessingThread] shutdown: lock for final commit...
2015-01-13T23:56:41.786+0100 [signalProcessingThread] shutdown: final commit...
2015-01-13T23:56:41.791+0100 [signalProcessingThread] shutdown: closing all files...
2015-01-13T23:56:41.791+0100 [signalProcessingThread] closeAllFiles() finished
2015-01-13T23:56:41.791+0100 [signalProcessingThread] journalCleanup...
2015-01-13T23:56:41.791+0100 [signalProcessingThread] removeJournalFiles
2015-01-13T23:56:41.791+0100 [signalProcessingThread] shutdown: removing fs lock...
2015-01-13T23:56:41.791+0100 [signalProcessingThread] dbexit: really exiting now
